2026-07-20 06:30:13,983 [INFO] Starting daily ingestion run
2026-07-20 06:30:24,364 [INFO] [1/16] what='SDE' where='Bangalore' -> 60 jobs collected
2026-07-20 06:30:30,554 [INFO] [2/16] what='SDE' where='Hyderabad' -> 60 jobs collected
2026-07-20 06:30:35,614 [INFO] [3/16] what='SDE' where='Pune' -> 43 jobs collected
2026-07-20 06:30:37,621 [INFO] [4/16] what='SDE' where='Delhi' page=2 -> no more results, stopping pagination
2026-07-20 06:30:37,621 [INFO] [4/16] what='SDE' where='Delhi' -> 18 jobs collected
2026-07-20 06:30:42,670 [INFO] [5/16] what='Data Scientist' where='Bangalore' -> 60 jobs collected
2026-07-20 06:30:48,061 [INFO] [6/16] what='Data Scientist' where='Hyderabad' -> 60 jobs collected
2026-07-20 06:30:53,127 [INFO] [7/16] what='Data Scientist' where='Pune' -> 60 jobs collected
2026-07-20 06:30:58,279 [INFO] [8/16] what='Data Scientist' where='Delhi' -> 60 jobs collected
2026-07-20 06:31:03,942 [INFO] [9/16] what='ML Engineer' where='Bangalore' -> 60 jobs collected
2026-07-20 06:31:09,184 [INFO] [10/16] what='ML Engineer' where='Hyderabad' -> 60 jobs collected
2026-07-20 06:31:14,206 [INFO] [11/16] what='ML Engineer' where='Pune' -> 60 jobs collected
2026-07-20 06:31:19,224 [INFO] [12/16] what='ML Engineer' where='Delhi' -> 50 jobs collected
2026-07-20 06:31:24,115 [INFO] [13/16] what='Data Analyst' where='Bangalore' -> 60 jobs collected
2026-07-20 06:31:29,312 [INFO] [14/16] what='Data Analyst' where='Hyderabad' -> 60 jobs collected
2026-07-20 06:31:34,550 [INFO] [15/16] what='Data Analyst' where='Pune' -> 60 jobs collected
2026-07-20 06:31:39,332 [INFO] [16/16] what='Data Analyst' where='Delhi' -> 47 jobs collected
2026-07-20 06:31:39,333 [INFO] RUN SUMMARY: 16 combos run, 0 returned 0 results, 0 failed outright, 878 total jobs collected
2026-07-20 06:31:39,362 [INFO] Raw API response stored successfully at: /home/runner/work/Automated-Job-Market-Intelligence-Pipeline/Automated-Job-Market-Intelligence-Pipeline/data/raw/daily_pull_20260720_063139.json
2026-07-20 06:31:39,363 [INFO] Ingestion run complete
