2026-07-22 06:08:39,632 [INFO] Starting daily ingestion run
2026-07-22 06:08:44,344 [INFO] [1/16] what='SDE' where='Bangalore' -> 60 jobs collected
2026-07-22 06:08:48,810 [INFO] [2/16] what='SDE' where='Hyderabad' -> 60 jobs collected
2026-07-22 06:08:53,019 [INFO] [3/16] what='SDE' where='Pune' -> 44 jobs collected
2026-07-22 06:08:54,630 [INFO] [4/16] what='SDE' where='Delhi' page=2 -> no more results, stopping pagination
2026-07-22 06:08:54,630 [INFO] [4/16] what='SDE' where='Delhi' -> 18 jobs collected
2026-07-22 06:08:58,811 [INFO] [5/16] what='Data Scientist' where='Bangalore' -> 60 jobs collected
2026-07-22 06:09:03,999 [INFO] [6/16] what='Data Scientist' where='Hyderabad' -> 60 jobs collected
2026-07-22 06:09:08,650 [INFO] [7/16] what='Data Scientist' where='Pune' -> 60 jobs collected
2026-07-22 06:09:13,921 [INFO] [8/16] what='Data Scientist' where='Delhi' -> 60 jobs collected
2026-07-22 06:09:18,424 [INFO] [9/16] what='ML Engineer' where='Bangalore' -> 60 jobs collected
2026-07-22 06:09:22,817 [INFO] [10/16] what='ML Engineer' where='Hyderabad' -> 60 jobs collected
2026-07-22 06:09:27,365 [INFO] [11/16] what='ML Engineer' where='Pune' -> 60 jobs collected
2026-07-22 06:09:31,717 [INFO] [12/16] what='ML Engineer' where='Delhi' -> 49 jobs collected
2026-07-22 06:09:36,184 [INFO] [13/16] what='Data Analyst' where='Bangalore' -> 60 jobs collected
2026-07-22 06:09:41,033 [INFO] [14/16] what='Data Analyst' where='Hyderabad' -> 60 jobs collected
2026-07-22 06:09:45,724 [INFO] [15/16] what='Data Analyst' where='Pune' -> 60 jobs collected
2026-07-22 06:09:49,954 [INFO] [16/16] what='Data Analyst' where='Delhi' -> 48 jobs collected
2026-07-22 06:09:49,954 [INFO] RUN SUMMARY: 16 combos run, 0 returned 0 results, 0 failed outright, 879 total jobs collected
2026-07-22 06:09:49,977 [INFO] Raw API response stored successfully at: /home/runner/work/Automated-Job-Market-Intelligence-Pipeline/Automated-Job-Market-Intelligence-Pipeline/data/raw/daily_pull_20260722_060949.json
2026-07-22 06:09:49,978 [INFO] Ingestion run complete
