2026-07-24 06:07:33,290 [INFO] Starting daily ingestion run
2026-07-24 06:07:38,456 [INFO] [1/16] what='SDE' where='Bangalore' -> 60 jobs collected
2026-07-24 06:07:43,578 [INFO] [2/16] what='SDE' where='Hyderabad' -> 60 jobs collected
2026-07-24 06:07:48,393 [INFO] [3/16] what='SDE' where='Pune' -> 44 jobs collected
2026-07-24 06:07:50,194 [INFO] [4/16] what='SDE' where='Delhi' page=2 -> no more results, stopping pagination
2026-07-24 06:07:50,194 [INFO] [4/16] what='SDE' where='Delhi' -> 18 jobs collected
2026-07-24 06:07:55,096 [INFO] [5/16] what='Data Scientist' where='Bangalore' -> 60 jobs collected
2026-07-24 06:08:00,064 [INFO] [6/16] what='Data Scientist' where='Hyderabad' -> 60 jobs collected
2026-07-24 06:08:05,085 [INFO] [7/16] what='Data Scientist' where='Pune' -> 60 jobs collected
2026-07-24 06:08:09,908 [INFO] [8/16] what='Data Scientist' where='Delhi' -> 60 jobs collected
2026-07-24 06:08:15,142 [INFO] [9/16] what='ML Engineer' where='Bangalore' -> 60 jobs collected
2026-07-24 06:08:20,298 [INFO] [10/16] what='ML Engineer' where='Hyderabad' -> 60 jobs collected
2026-07-24 06:08:25,298 [INFO] [11/16] what='ML Engineer' where='Pune' -> 60 jobs collected
2026-07-24 06:08:30,265 [INFO] [12/16] what='ML Engineer' where='Delhi' -> 52 jobs collected
2026-07-24 06:08:35,058 [INFO] [13/16] what='Data Analyst' where='Bangalore' -> 60 jobs collected
2026-07-24 06:08:39,788 [INFO] [14/16] what='Data Analyst' where='Hyderabad' -> 60 jobs collected
2026-07-24 06:08:44,620 [INFO] [15/16] what='Data Analyst' where='Pune' -> 60 jobs collected
2026-07-24 06:08:49,236 [INFO] [16/16] what='Data Analyst' where='Delhi' -> 46 jobs collected
2026-07-24 06:08:49,236 [INFO] RUN SUMMARY: 16 combos run, 0 returned 0 results, 0 failed outright, 880 total jobs collected
2026-07-24 06:08:49,268 [INFO] Raw API response stored successfully at: /home/runner/work/Automated-Job-Market-Intelligence-Pipeline/Automated-Job-Market-Intelligence-Pipeline/data/raw/daily_pull_20260724_060849.json
2026-07-24 06:08:49,268 [INFO] Ingestion run complete
